2020-09-26T12:44:16+00:00 CRITICAL Uncaught Error: Call to undefined function ot_register_meta_box() in D:\OSPanel\domains\wordpress\wp-content\themes\Lesson_10.2\functions\meta-boxes.php:507
Stack trace:
#0 D:\OSPanel\domains\wordpress\wp-includes\class-wp-hook.php(287): custom_meta_boxes('')
#1 D:\OSPanel\domains\wordpress\wp-includes\class-wp-hook.php(311): WP_Hook->apply_filters(NULL, Array)
#2 D:\OSPanel\domains\wordpress\wp-includes\plugin.php(478): WP_Hook->do_action(Array)
#3 D:\OSPanel\domains\wordpress\wp-admin\admin.php(170): do_action('admin_init')
#4 D:\OSPanel\domains\wordpress\wp-admin\themes.php(10): require_once('D:\\OSPanel\\doma...')
#5 {main}
  thrown в D:\OSPanel\domains\wordpress\wp-content\themes\Lesson_10.2\functions\meta-boxes.php на строке 507

2020-09-26T12:44:24+00:00 CRITICAL Uncaught Error: Call to undefined function ot_register_meta_box() in D:\OSPanel\domains\wordpress\wp-content\themes\Lesson_10.2\functions\meta-boxes.php:507
Stack trace:
#0 D:\OSPanel\domains\wordpress\wp-includes\class-wp-hook.php(287): custom_meta_boxes('')
#1 D:\OSPanel\domains\wordpress\wp-includes\class-wp-hook.php(311): WP_Hook->apply_filters(NULL, Array)
#2 D:\OSPanel\domains\wordpress\wp-includes\plugin.php(478): WP_Hook->do_action(Array)
#3 D:\OSPanel\domains\wordpress\wp-admin\admin.php(170): do_action('admin_init')
#4 D:\OSPanel\domains\wordpress\wp-admin\themes.php(10): require_once('D:\\OSPanel\\doma...')
#5 {main}
  thrown в D:\OSPanel\domains\wordpress\wp-content\themes\Lesson_10.2\functions\meta-boxes.php на строке 507

2020-09-26T12:44:28+00:00 CRITICAL Uncaught Error: Call to undefined function ot_register_meta_box() in D:\OSPanel\domains\wordpress\wp-content\themes\Lesson_10.2\functions\meta-boxes.php:507
Stack trace:
#0 D:\OSPanel\domains\wordpress\wp-includes\class-wp-hook.php(287): custom_meta_boxes('')
#1 D:\OSPanel\domains\wordpress\wp-includes\class-wp-hook.php(311): WP_Hook->apply_filters(NULL, Array)
#2 D:\OSPanel\domains\wordpress\wp-includes\plugin.php(478): WP_Hook->do_action(Array)
#3 D:\OSPanel\domains\wordpress\wp-admin\admin.php(170): do_action('admin_init')
#4 D:\OSPanel\domains\wordpress\wp-admin\themes.php(10): require_once('D:\\OSPanel\\doma...')
#5 {main}
  thrown в D:\OSPanel\domains\wordpress\wp-content\themes\Lesson_10.2\functions\meta-boxes.php на строке 507

2020-09-26T12:45:33+00:00 CRITICAL Uncaught Error: Call to undefined function ot_register_meta_box() in D:\OSPanel\domains\wordpress\wp-content\themes\Lesson_10.2\functions\meta-boxes.php:507
Stack trace:
#0 D:\OSPanel\domains\wordpress\wp-includes\class-wp-hook.php(287): custom_meta_boxes('')
#1 D:\OSPanel\domains\wordpress\wp-includes\class-wp-hook.php(311): WP_Hook->apply_filters(NULL, Array)
#2 D:\OSPanel\domains\wordpress\wp-includes\plugin.php(478): WP_Hook->do_action(Array)
#3 D:\OSPanel\domains\wordpress\wp-admin\admin.php(170): do_action('admin_init')
#4 D:\OSPanel\domains\wordpress\wp-admin\themes.php(10): require_once('D:\\OSPanel\\doma...')
#5 {main}
  thrown в D:\OSPanel\domains\wordpress\wp-content\themes\Lesson_10.2\functions\meta-boxes.php на строке 507

2020-09-26T12:46:10+00:00 CRITICAL Uncaught Error: Call to undefined function ot_register_meta_box() in D:\OSPanel\domains\wordpress\wp-content\themes\Lesson_10.2\functions\meta-boxes.php:507
Stack trace:
#0 D:\OSPanel\domains\wordpress\wp-includes\class-wp-hook.php(287): custom_meta_boxes('')
#1 D:\OSPanel\domains\wordpress\wp-includes\class-wp-hook.php(311): WP_Hook->apply_filters(NULL, Array)
#2 D:\OSPanel\domains\wordpress\wp-includes\plugin.php(478): WP_Hook->do_action(Array)
#3 D:\OSPanel\domains\wordpress\wp-admin\admin.php(170): do_action('admin_init')
#4 D:\OSPanel\domains\wordpress\wp-admin\themes.php(10): require_once('D:\\OSPanel\\doma...')
#5 {main}
  thrown в D:\OSPanel\domains\wordpress\wp-content\themes\Lesson_10.2\functions\meta-boxes.php на строке 507

2020-09-26T12:46:31+00:00 CRITICAL Uncaught Error: Call to undefined function ot_register_meta_box() in D:\OSPanel\domains\wordpress\wp-content\themes\Lesson_10.2\functions\meta-boxes.php:508
Stack trace:
#0 D:\OSPanel\domains\wordpress\wp-includes\class-wp-hook.php(287): custom_meta_boxes('')
#1 D:\OSPanel\domains\wordpress\wp-includes\class-wp-hook.php(311): WP_Hook->apply_filters(NULL, Array)
#2 D:\OSPanel\domains\wordpress\wp-includes\plugin.php(478): WP_Hook->do_action(Array)
#3 D:\OSPanel\domains\wordpress\wp-admin\admin.php(170): do_action('admin_init')
#4 D:\OSPanel\domains\wordpress\wp-admin\themes.php(10): require_once('D:\\OSPanel\\doma...')
#5 {main}
  thrown в D:\OSPanel\domains\wordpress\wp-content\themes\Lesson_10.2\functions\meta-boxes.php на строке 508

2020-09-26T12:46:43+00:00 CRITICAL Uncaught Error: Call to undefined function ot_get_option() in D:\OSPanel\domains\wordpress\wp-content\themes\Lesson_10.2\header.php:23
Stack trace:
#0 D:\OSPanel\domains\wordpress\wp-includes\template.php(723): require_once()
#1 D:\OSPanel\domains\wordpress\wp-includes\template.php(672): load_template('D:\\OSPanel\\doma...', true)
#2 D:\OSPanel\domains\wordpress\wp-includes\general-template.php(41): locate_template(Array, true)
#3 D:\OSPanel\domains\wordpress\wp-content\themes\Lesson_10.2\page.php(15): get_header()
#4 D:\OSPanel\domains\wordpress\wp-includes\template-loader.php(106): include('D:\\OSPanel\\doma...')
#5 D:\OSPanel\domains\wordpress\wp-blog-header.php(19): require_once('D:\\OSPanel\\doma...')
#6 D:\OSPanel\domains\wordpress\index.php(17): require('D:\\OSPanel\\doma...')
#7 {main}
  thrown в D:\OSPanel\domains\wordpress\wp-content\themes\Lesson_10.2\header.php на строке 23

2020-09-26T12:49:04+00:00 CRITICAL Uncaught Error: Call to undefined function ot_get_option() in D:\OSPanel\domains\wordpress\wp-content\themes\Lesson_10.2\header.php:24
Stack trace:
#0 D:\OSPanel\domains\wordpress\wp-includes\template.php(723): require_once()
#1 D:\OSPanel\domains\wordpress\wp-includes\template.php(672): load_template('D:\\OSPanel\\doma...', true)
#2 D:\OSPanel\domains\wordpress\wp-includes\general-template.php(41): locate_template(Array, true)
#3 D:\OSPanel\domains\wordpress\wp-content\themes\Lesson_10.2\page.php(15): get_header()
#4 D:\OSPanel\domains\wordpress\wp-includes\template-loader.php(106): include('D:\\OSPanel\\doma...')
#5 D:\OSPanel\domains\wordpress\wp-blog-header.php(19): require_once('D:\\OSPanel\\doma...')
#6 D:\OSPanel\domains\wordpress\index.php(17): require('D:\\OSPanel\\doma...')
#7 {main}
  thrown в D:\OSPanel\domains\wordpress\wp-content\themes\Lesson_10.2\header.php на строке 24

2020-09-26T12:49:19+00:00 CRITICAL Uncaught Error: Call to undefined function ot_get_option() in D:\OSPanel\domains\wordpress\wp-content\themes\Lesson_10.2\header.php:28
Stack trace:
#0 D:\OSPanel\domains\wordpress\wp-includes\template.php(723): require_once()
#1 D:\OSPanel\domains\wordpress\wp-includes\template.php(672): load_template('D:\\OSPanel\\doma...', true)
#2 D:\OSPanel\domains\wordpress\wp-includes\general-template.php(41): locate_template(Array, true)
#3 D:\OSPanel\domains\wordpress\wp-content\themes\Lesson_10.2\page.php(15): get_header()
#4 D:\OSPanel\domains\wordpress\wp-includes\template-loader.php(106): include('D:\\OSPanel\\doma...')
#5 D:\OSPanel\domains\wordpress\wp-blog-header.php(19): require_once('D:\\OSPanel\\doma...')
#6 D:\OSPanel\domains\wordpress\index.php(17): require('D:\\OSPanel\\doma...')
#7 {main}
  thrown в D:\OSPanel\domains\wordpress\wp-content\themes\Lesson_10.2\header.php на строке 28

2020-09-26T12:49:31+00:00 CRITICAL Uncaught Error: Call to undefined function ot_get_option() in D:\OSPanel\domains\wordpress\wp-content\themes\Lesson_10.2\template\contact-option.php:4
Stack trace:
#0 D:\OSPanel\domains\wordpress\wp-includes\template.php(725): require()
#1 D:\OSPanel\domains\wordpress\wp-includes\template.php(672): load_template('D:\\OSPanel\\doma...', false)
#2 D:\OSPanel\domains\wordpress\wp-includes\general-template.php(168): locate_template(Array, true, false)
#3 D:\OSPanel\domains\wordpress\wp-content\themes\Lesson_10.2\footer.php(5): get_template_part('template/contac...', 'option')
#4 D:\OSPanel\domains\wordpress\wp-includes\template.php(723): require_once('D:\\OSPanel\\doma...')
#5 D:\OSPanel\domains\wordpress\wp-includes\template.php(672): load_template('D:\\OSPanel\\doma...', true)
#6 D:\OSPanel\domains\wordpress\wp-includes\general-template.php(76): locate_template(Array, true)
#7 D:\OSPanel\domains\wordpress\wp-content\themes\Lesson_10.2\page.php(44): get_footer()
#8 D:\OSPanel\domains\wordpress\wp-includes\templa в D:\OSPanel\domains\wordpress\wp-content\themes\Lesson_10.2\template\contact-option.php на строке 4

2020-09-26T12:49:47+00:00 CRITICAL Uncaught Error: Call to undefined function ot_get_option() in D:\OSPanel\domains\wordpress\wp-content\themes\Lesson_10.2\header.php:23
Stack trace:
#0 D:\OSPanel\domains\wordpress\wp-includes\template.php(723): require_once()
#1 D:\OSPanel\domains\wordpress\wp-includes\template.php(672): load_template('D:\\OSPanel\\doma...', true)
#2 D:\OSPanel\domains\wordpress\wp-includes\general-template.php(41): locate_template(Array, true)
#3 D:\OSPanel\domains\wordpress\wp-content\themes\Lesson_10.2\page.php(15): get_header()
#4 D:\OSPanel\domains\wordpress\wp-includes\template-loader.php(106): include('D:\\OSPanel\\doma...')
#5 D:\OSPanel\domains\wordpress\wp-blog-header.php(19): require_once('D:\\OSPanel\\doma...')
#6 D:\OSPanel\domains\wordpress\index.php(17): require('D:\\OSPanel\\doma...')
#7 {main}
  thrown в D:\OSPanel\domains\wordpress\wp-content\themes\Lesson_10.2\header.php на строке 23

2020-09-26T12:54:32+00:00 CRITICAL Uncaught Error: Call to undefined function ot_get_option() in D:\OSPanel\domains\wordpress\wp-content\themes\Lesson_10.2\template\contact-option.php:4
Stack trace:
#0 D:\OSPanel\domains\wordpress\wp-includes\template.php(725): require()
#1 D:\OSPanel\domains\wordpress\wp-includes\template.php(672): load_template('D:\\OSPanel\\doma...', false)
#2 D:\OSPanel\domains\wordpress\wp-includes\general-template.php(168): locate_template(Array, true, false)
#3 D:\OSPanel\domains\wordpress\wp-content\themes\Lesson_10.2\footer.php(5): get_template_part('template/contac...', 'option')
#4 D:\OSPanel\domains\wordpress\wp-includes\template.php(723): require_once('D:\\OSPanel\\doma...')
#5 D:\OSPanel\domains\wordpress\wp-includes\template.php(672): load_template('D:\\OSPanel\\doma...', true)
#6 D:\OSPanel\domains\wordpress\wp-includes\general-template.php(76): locate_template(Array, true)
#7 D:\OSPanel\domains\wordpress\wp-content\themes\Lesson_10.2\page.php(44): get_footer()
#8 D:\OSPanel\domains\wordpress\wp-includes\templa в D:\OSPanel\domains\wordpress\wp-content\themes\Lesson_10.2\template\contact-option.php на строке 4

2020-09-26T12:55:56+00:00 CRITICAL Uncaught Error: Call to undefined function ot_get_option() in D:\OSPanel\domains\wordpress\wp-content\themes\Lesson_10.2\template\contact-option.php:4
Stack trace:
#0 D:\OSPanel\domains\wordpress\wp-includes\template.php(725): require()
#1 D:\OSPanel\domains\wordpress\wp-includes\template.php(672): load_template('D:\\OSPanel\\doma...', false)
#2 D:\OSPanel\domains\wordpress\wp-includes\general-template.php(168): locate_template(Array, true, false)
#3 D:\OSPanel\domains\wordpress\wp-content\themes\Lesson_10.2\footer.php(5): get_template_part('template/contac...', 'option')
#4 D:\OSPanel\domains\wordpress\wp-includes\template.php(723): require_once('D:\\OSPanel\\doma...')
#5 D:\OSPanel\domains\wordpress\wp-includes\template.php(672): load_template('D:\\OSPanel\\doma...', true)
#6 D:\OSPanel\domains\wordpress\wp-includes\general-template.php(76): locate_template(Array, true)
#7 D:\OSPanel\domains\wordpress\wp-content\themes\Lesson_10.2\page.php(44): get_footer()
#8 D:\OSPanel\domains\wordpress\wp-includes\templa в D:\OSPanel\domains\wordpress\wp-content\themes\Lesson_10.2\template\contact-option.php на строке 4

2020-09-26T12:58:21+00:00 CRITICAL Uncaught Error: Call to undefined function ot_get_option() in D:\OSPanel\domains\wordpress\wp-content\themes\Lesson_10.2\template\contact-option.php:4
Stack trace:
#0 D:\OSPanel\domains\wordpress\wp-includes\template.php(725): require()
#1 D:\OSPanel\domains\wordpress\wp-includes\template.php(672): load_template('D:\\OSPanel\\doma...', false)
#2 D:\OSPanel\domains\wordpress\wp-includes\general-template.php(168): locate_template(Array, true, false)
#3 D:\OSPanel\domains\wordpress\wp-content\themes\Lesson_10.2\footer.php(5): get_template_part('template/contac...', 'option')
#4 D:\OSPanel\domains\wordpress\wp-includes\template.php(723): require_once('D:\\OSPanel\\doma...')
#5 D:\OSPanel\domains\wordpress\wp-includes\template.php(672): load_template('D:\\OSPanel\\doma...', true)
#6 D:\OSPanel\domains\wordpress\wp-includes\general-template.php(76): locate_template(Array, true)
#7 D:\OSPanel\domains\wordpress\wp-content\themes\Lesson_10.2\page.php(44): get_footer()
#8 D:\OSPanel\domains\wordpress\wp-includes\templa в D:\OSPanel\domains\wordpress\wp-content\themes\Lesson_10.2\template\contact-option.php на строке 4

